d:\vsstudio\visual studio 2013\projects\mazeapi\mazecommbridge\mazecommbridge\release\mazecommbridge.pch
d:\vsstudio\visual studio 2013\projects\mazeapi\mazecommbridge\mazecommbridge\release\vc141.pdb
d:\vsstudio\visual studio 2013\projects\mazeapi\mazecommbridge\mazecommbridge\release\stdafx.obj
d:\vsstudio\visual studio 2013\projects\mazeapi\mazecommbridge\mazecommbridge\release\mazecommbridge.obj
d:\vsstudio\visual studio 2013\projects\mazeapi\mazecommbridge\mazecommbridge\release\assemblyinfo.obj
d:\vsstudio\visual studio 2013\projects\mazeapi\mazecommbridge\mazecommbridge\release\.netframework,version=v4.0.assemblyattributes.obj
d:\vsstudio\visual studio 2013\projects\mazeapi\mazecommbridge\mazecommbridge\release\.netframework,version=v4.0.assemblyattributes.asm
d:\vsstudio\visual studio 2013\projects\mazeapi\mazecomm\release\mazecommbridge.exe
d:\vsstudio\visual studio 2013\projects\mazeapi\mazecomm\release\mazecommbridge.pdb
d:\vsstudio\visual studio 2013\projects\mazeapi\mazecommbridge\mazecommbridge\release\app.res
d:\vsstudio\visual studio 2013\projects\mazeapi\mazecommbridge\mazecommbridge\release\mazecommbridge.vcxprojresolveassemblyreference.cache
d:\vsstudio\visual studio 2013\projects\mazeapi\mazecommbridge\mazecommbridge\release\mazecommbridge.tlog\cl.command.1.tlog
d:\vsstudio\visual studio 2013\projects\mazeapi\mazecommbridge\mazecommbridge\release\mazecommbridge.tlog\cl.read.1.tlog
d:\vsstudio\visual studio 2013\projects\mazeapi\mazecommbridge\mazecommbridge\release\mazecommbridge.tlog\cl.write.1.tlog
d:\vsstudio\visual studio 2013\projects\mazeapi\mazecommbridge\mazecommbridge\release\mazecommbridge.tlog\link.command.1.tlog
d:\vsstudio\visual studio 2013\projects\mazeapi\mazecommbridge\mazecommbridge\release\mazecommbridge.tlog\link.read.1.tlog
d:\vsstudio\visual studio 2013\projects\mazeapi\mazecommbridge\mazecommbridge\release\mazecommbridge.tlog\link.write.1.tlog
d:\vsstudio\visual studio 2013\projects\mazeapi\mazecommbridge\mazecommbridge\release\mazecommbridge.tlog\metagen.read.1.tlog
d:\vsstudio\visual studio 2013\projects\mazeapi\mazecommbridge\mazecommbridge\release\mazecommbridge.tlog\metagen.write.1.tlog
d:\vsstudio\visual studio 2013\projects\mazeapi\mazecommbridge\mazecommbridge\release\mazecommbridge.tlog\rc.command.1.tlog
d:\vsstudio\visual studio 2013\projects\mazeapi\mazecommbridge\mazecommbridge\release\mazecommbridge.tlog\rc.read.1.tlog
d:\vsstudio\visual studio 2013\projects\mazeapi\mazecommbridge\mazecommbridge\release\mazecommbridge.tlog\rc.write.1.tlog
d:\vsstudio\visual studio 2013\projects\mazeapi\mazecommbridge\mazecommbridge\release\mazecommbridge.tlog\tzres.dll.bi
