d:\vsstudio\visual studio 2013\projects\mazeapi\mazecommbridge\mazecommbridge\debug\mazecommbridge.pch
d:\vsstudio\visual studio 2013\projects\mazeapi\mazecommbridge\mazecommbridge\debug\stdafx.obj
d:\vsstudio\visual studio 2013\projects\mazeapi\mazecommbridge\mazecommbridge\debug\vc141.pdb
d:\vsstudio\visual studio 2013\projects\mazeapi\mazecommbridge\mazecommbridge\debug\vc140.pdb
d:\vsstudio\visual studio 2013\projects\mazeapi\mazecommbridge\mazecommbridge\debug\assemblyinfo.obj
d:\vsstudio\visual studio 2013\projects\mazeapi\mazecommbridge\mazecommbridge\debug\mazecommbridge.obj
d:\vsstudio\visual studio 2013\projects\mazeapi\mazecommbridge\mazecommbridge\debug\.netframework,version=v4.0.assemblyattributes.obj
d:\vsstudio\visual studio 2013\projects\mazeapi\mazecommbridge\mazecommbridge\debug\.netframework,version=v4.0.assemblyattributes.asm
d:\vsstudio\visual studio 2013\projects\mazeapi\mazecomm\debug\mazecommbridge.exe
d:\vsstudio\visual studio 2013\projects\mazeapi\mazecomm\debug\mazecommbridge.pdb
d:\vsstudio\visual studio 2013\projects\mazeapi\mazecommbridge\mazecommbridge\debug\app.res
d:\vsstudio\visual studio 2013\projects\mazeapi\mazecommbridge\mazecommbridge\debug\mazecommbridge.vcxprojresolveassemblyreference.cache
d:\vsstudio\visual studio 2013\projects\mazeapi\mazecommbridge\mazecommbridge\debug\mazecommbridge.tlog\cl.command.1.tlog
d:\vsstudio\visual studio 2013\projects\mazeapi\mazecommbridge\mazecommbridge\debug\mazecommbridge.tlog\cl.read.1.tlog
d:\vsstudio\visual studio 2013\projects\mazeapi\mazecommbridge\mazecommbridge\debug\mazecommbridge.tlog\cl.write.1.tlog
d:\vsstudio\visual studio 2013\projects\mazeapi\mazecommbridge\mazecommbridge\debug\mazecommbridge.tlog\link.command.1.tlog
d:\vsstudio\visual studio 2013\projects\mazeapi\mazecommbridge\mazecommbridge\debug\mazecommbridge.tlog\link.read.1.tlog
d:\vsstudio\visual studio 2013\projects\mazeapi\mazecommbridge\mazecommbridge\debug\mazecommbridge.tlog\link.write.1.tlog
d:\vsstudio\visual studio 2013\projects\mazeapi\mazecommbridge\mazecommbridge\debug\mazecommbridge.tlog\metagen.read.1.tlog
d:\vsstudio\visual studio 2013\projects\mazeapi\mazecommbridge\mazecommbridge\debug\mazecommbridge.tlog\metagen.write.1.tlog
d:\vsstudio\visual studio 2013\projects\mazeapi\mazecommbridge\mazecommbridge\debug\mazecommbridge.tlog\rc.command.1.tlog
d:\vsstudio\visual studio 2013\projects\mazeapi\mazecommbridge\mazecommbridge\debug\mazecommbridge.tlog\rc.read.1.tlog
d:\vsstudio\visual studio 2013\projects\mazeapi\mazecommbridge\mazecommbridge\debug\mazecommbridge.tlog\rc.write.1.tlog
d:\vsstudio\visual studio 2013\projects\mazeapi\mazecommbridge\mazecommbridge\debug\mazecommbridge.tlog\clui.dll.bi
d:\vsstudio\visual studio 2013\projects\mazeapi\mazecommbridge\mazecommbridge\debug\mazecommbridge.tlog\tzres.dll.bi
